2025-10-28 09:48:56,485 INFO: POS RSS startup [in d:\kreasiPOS\app\__init__.py:159]
2025-10-28 09:48:58,262 INFO: POS RSS startup [in d:\kreasiPOS\app\__init__.py:159]
2025-10-28 10:02:01,562 ERROR: Cache get error for key pos_products:tenant:92b641f7-c3c4-443b-a08a-f6e437b3f011: KeyError(<flask_caching.Cache object at 0x000002417DF4AFD0>) [in d:\kreasiPOS\app\services\cache_service.py:64]
2025-10-28 10:02:01,602 INFO: Validating BOM availability - Product: e3728a8d-f228-4057-a990-b057af74be97, Quantity: 1, Tenant: 92b641f7-c3c4-443b-a08a-f6e437b3f011 [in d:\kreasiPOS\app\services\enhanced_bom_service.py:263]
2025-10-28 10:02:01,640 ERROR: Cache get error for key bom_avail:tenant:92b641f7-c3c4-443b-a08a-f6e437b3f011:e3728a8d-f228-4057-a990-b057af74be97: KeyError(<flask_caching.Cache object at 0x000002417DF4AFD0>) [in d:\kreasiPOS\app\services\cache_service.py:64]
2025-10-28 10:02:01,660 INFO: Calculating BOM requirements - Product: e3728a8d-f228-4057-a990-b057af74be97, Quantity: 1, Tenant: 92b641f7-c3c4-443b-a08a-f6e437b3f011 [in d:\kreasiPOS\app\services\enhanced_bom_service.py:179]
2025-10-28 10:02:01,661 ERROR: Cache get error for key bom_calc:tenant:92b641f7-c3c4-443b-a08a-f6e437b3f011:e3728a8d-f228-4057-a990-b057af74be97:1: KeyError(<flask_caching.Cache object at 0x000002417DF4AFD0>) [in d:\kreasiPOS\app\services\cache_service.py:64]
2025-10-28 10:02:01,661 ERROR: Cache get error for key bom_details:e3728a8d-f228-4057-a990-b057af74be97:tenant:92b641f7-c3c4-443b-a08a-f6e437b3f011: KeyError(<flask_caching.Cache object at 0x000002417DF4AFD0>) [in d:\kreasiPOS\app\services\cache_service.py:64]
2025-10-28 10:02:01,762 ERROR: Cache set error for key bom_details:e3728a8d-f228-4057-a990-b057af74be97:tenant:92b641f7-c3c4-443b-a08a-f6e437b3f011: KeyError(<flask_caching.Cache object at 0x000002417DF4AFD0>) [in d:\kreasiPOS\app\services\cache_service.py:54]
2025-10-28 10:02:01,764 INFO: BOM Item (Decimal Check): Nasi - Required: 75.0, Available: 1000.0, Sufficient: True [in d:\kreasiPOS\app\services\enhanced_bom_service.py:223]
2025-10-28 10:02:01,765 ERROR: Cache set error for key bom_calc:tenant:92b641f7-c3c4-443b-a08a-f6e437b3f011:e3728a8d-f228-4057-a990-b057af74be97:1: KeyError(<flask_caching.Cache object at 0x000002417DF4AFD0>) [in d:\kreasiPOS\app\services\cache_service.py:54]
2025-10-28 10:02:01,766 INFO: BOM calculation completed - Status: available [in d:\kreasiPOS\app\services\enhanced_bom_service.py:252]
2025-10-28 10:02:01,767 ERROR: Cache set error for key bom_avail:tenant:92b641f7-c3c4-443b-a08a-f6e437b3f011:e3728a8d-f228-4057-a990-b057af74be97: KeyError(<flask_caching.Cache object at 0x000002417DF4AFD0>) [in d:\kreasiPOS\app\services\cache_service.py:54]
2025-10-28 10:02:01,767 INFO: BOM validation completed - Available: True [in d:\kreasiPOS\app\services\enhanced_bom_service.py:329]
2025-10-28 10:02:01,800 ERROR: Cache set error for key pos_products:tenant:92b641f7-c3c4-443b-a08a-f6e437b3f011: KeyError(<flask_caching.Cache object at 0x000002417DF4AFD0>) [in d:\kreasiPOS\app\services\cache_service.py:54]
2025-10-28 10:02:01,801 ERROR: Cache get error for key pos_customers:tenant:92b641f7-c3c4-443b-a08a-f6e437b3f011: KeyError(<flask_caching.Cache object at 0x000002417DF4AFD0>) [in d:\kreasiPOS\app\services\cache_service.py:64]
2025-10-28 10:02:01,834 ERROR: Cache set error for key pos_customers:tenant:92b641f7-c3c4-443b-a08a-f6e437b3f011: KeyError(<flask_caching.Cache object at 0x000002417DF4AFD0>) [in d:\kreasiPOS\app\services\cache_service.py:54]
2025-10-28 10:36:52,179 ERROR: Cache get error for key pos_products:tenant:92b641f7-c3c4-443b-a08a-f6e437b3f011: KeyError(<flask_caching.Cache object at 0x000002417DF4AFD0>) [in d:\kreasiPOS\app\services\cache_service.py:64]
2025-10-28 10:36:52,588 INFO: Validating BOM availability - Product: e3728a8d-f228-4057-a990-b057af74be97, Quantity: 1, Tenant: 92b641f7-c3c4-443b-a08a-f6e437b3f011 [in d:\kreasiPOS\app\services\enhanced_bom_service.py:263]
2025-10-28 10:36:52,954 ERROR: Cache get error for key bom_avail:tenant:92b641f7-c3c4-443b-a08a-f6e437b3f011:e3728a8d-f228-4057-a990-b057af74be97: KeyError(<flask_caching.Cache object at 0x000002417DF4AFD0>) [in d:\kreasiPOS\app\services\cache_service.py:64]
2025-10-28 10:36:52,954 INFO: Calculating BOM requirements - Product: e3728a8d-f228-4057-a990-b057af74be97, Quantity: 1, Tenant: 92b641f7-c3c4-443b-a08a-f6e437b3f011 [in d:\kreasiPOS\app\services\enhanced_bom_service.py:179]
2025-10-28 10:36:52,955 ERROR: Cache get error for key bom_calc:tenant:92b641f7-c3c4-443b-a08a-f6e437b3f011:e3728a8d-f228-4057-a990-b057af74be97:1: KeyError(<flask_caching.Cache object at 0x000002417DF4AFD0>) [in d:\kreasiPOS\app\services\cache_service.py:64]
2025-10-28 10:36:52,955 ERROR: Cache get error for key bom_details:e3728a8d-f228-4057-a990-b057af74be97:tenant:92b641f7-c3c4-443b-a08a-f6e437b3f011: KeyError(<flask_caching.Cache object at 0x000002417DF4AFD0>) [in d:\kreasiPOS\app\services\cache_service.py:64]
2025-10-28 10:36:53,715 ERROR: Cache set error for key bom_details:e3728a8d-f228-4057-a990-b057af74be97:tenant:92b641f7-c3c4-443b-a08a-f6e437b3f011: KeyError(<flask_caching.Cache object at 0x000002417DF4AFD0>) [in d:\kreasiPOS\app\services\cache_service.py:54]
2025-10-28 10:36:53,715 INFO: BOM Item (Decimal Check): Nasi - Required: 75.0, Available: 1000.0, Sufficient: True [in d:\kreasiPOS\app\services\enhanced_bom_service.py:223]
2025-10-28 10:36:53,715 ERROR: Cache set error for key bom_calc:tenant:92b641f7-c3c4-443b-a08a-f6e437b3f011:e3728a8d-f228-4057-a990-b057af74be97:1: KeyError(<flask_caching.Cache object at 0x000002417DF4AFD0>) [in d:\kreasiPOS\app\services\cache_service.py:54]
2025-10-28 10:36:53,715 INFO: BOM calculation completed - Status: available [in d:\kreasiPOS\app\services\enhanced_bom_service.py:252]
2025-10-28 10:36:53,716 ERROR: Cache set error for key bom_avail:tenant:92b641f7-c3c4-443b-a08a-f6e437b3f011:e3728a8d-f228-4057-a990-b057af74be97: KeyError(<flask_caching.Cache object at 0x000002417DF4AFD0>) [in d:\kreasiPOS\app\services\cache_service.py:54]
2025-10-28 10:36:53,716 INFO: BOM validation completed - Available: True [in d:\kreasiPOS\app\services\enhanced_bom_service.py:329]
2025-10-28 10:36:54,123 ERROR: Cache set error for key pos_products:tenant:92b641f7-c3c4-443b-a08a-f6e437b3f011: KeyError(<flask_caching.Cache object at 0x000002417DF4AFD0>) [in d:\kreasiPOS\app\services\cache_service.py:54]
2025-10-28 10:36:54,124 ERROR: Cache get error for key pos_customers:tenant:92b641f7-c3c4-443b-a08a-f6e437b3f011: KeyError(<flask_caching.Cache object at 0x000002417DF4AFD0>) [in d:\kreasiPOS\app\services\cache_service.py:64]
2025-10-28 10:36:54,196 ERROR: Cache set error for key pos_customers:tenant:92b641f7-c3c4-443b-a08a-f6e437b3f011: KeyError(<flask_caching.Cache object at 0x000002417DF4AFD0>) [in d:\kreasiPOS\app\services\cache_service.py:54]
2025-10-28 10:37:03,053 ERROR: Cache get error for key product_list:tenant:92b641f7-c3c4-443b-a08a-f6e437b3f011:6d38ce15: KeyError(<flask_caching.Cache object at 0x000002417DF4AFD0>) [in d:\kreasiPOS\app\services\cache_service.py:64]
2025-10-28 10:37:03,374 ERROR: Cache set error for key product_list:tenant:92b641f7-c3c4-443b-a08a-f6e437b3f011:6d38ce15: KeyError(<flask_caching.Cache object at 0x000002417DF4AFD0>) [in d:\kreasiPOS\app\services\cache_service.py:54]
2025-10-28 10:37:03,376 ERROR: Cache get error for key categories:tenant:92b641f7-c3c4-443b-a08a-f6e437b3f011: KeyError(<flask_caching.Cache object at 0x000002417DF4AFD0>) [in d:\kreasiPOS\app\services\cache_service.py:64]
2025-10-28 10:37:03,749 ERROR: Cache set error for key categories:tenant:92b641f7-c3c4-443b-a08a-f6e437b3f011: KeyError(<flask_caching.Cache object at 0x000002417DF4AFD0>) [in d:\kreasiPOS\app\services\cache_service.py:54]
2025-10-28 10:37:03,750 ERROR: Cache get error for key inventory_status:92b641f7-c3c4-443b-a08a-f6e437b3f011: KeyError(<flask_caching.Cache object at 0x000002417DF4AFD0>) [in d:\kreasiPOS\app\services\cache_service.py:64]
2025-10-28 10:37:03,750 ERROR: Cache get error for key stock_levels:tenant:92b641f7-c3c4-443b-a08a-f6e437b3f011: KeyError(<flask_caching.Cache object at 0x000002417DF4AFD0>) [in d:\kreasiPOS\app\services\cache_service.py:64]
2025-10-28 10:37:04,260 ERROR: Error getting inventory status for tenant 92b641f7-c3c4-443b-a08a-f6e437b3f011: 'Product' object has no attribute 'selling_price' [in d:\kreasiPOS\app\services\enhanced_inventory_service.py:103]
2025-10-28 10:37:04,261 ERROR: Cache set error for key inventory_status:92b641f7-c3c4-443b-a08a-f6e437b3f011: KeyError(<flask_caching.Cache object at 0x000002417DF4AFD0>) [in d:\kreasiPOS\app\services\cache_service.py:54]
2025-10-28 10:37:04,261 ERROR: Cache get error for key low_stock_alerts:tenant:92b641f7-c3c4-443b-a08a-f6e437b3f011: KeyError(<flask_caching.Cache object at 0x000002417DF4AFD0>) [in d:\kreasiPOS\app\services\cache_service.py:64]
2025-10-28 10:37:04,398 ERROR: Cache set error for key low_stock_alerts:tenant:92b641f7-c3c4-443b-a08a-f6e437b3f011: KeyError(<flask_caching.Cache object at 0x000002417DF4AFD0>) [in d:\kreasiPOS\app\services\cache_service.py:54]
2025-10-28 10:37:04,399 ERROR: Cache get error for key bom_issues:tenant:92b641f7-c3c4-443b-a08a-f6e437b3f011: KeyError(<flask_caching.Cache object at 0x000002417DF4AFD0>) [in d:\kreasiPOS\app\services\cache_service.py:64]
2025-10-28 10:37:04,500 INFO: Validating BOM availability - Product: e3728a8d-f228-4057-a990-b057af74be97, Quantity: 1, Tenant: 92b641f7-c3c4-443b-a08a-f6e437b3f011 [in d:\kreasiPOS\app\services\enhanced_bom_service.py:263]
2025-10-28 10:37:04,603 ERROR: Cache get error for key bom_avail:tenant:92b641f7-c3c4-443b-a08a-f6e437b3f011:e3728a8d-f228-4057-a990-b057af74be97: KeyError(<flask_caching.Cache object at 0x000002417DF4AFD0>) [in d:\kreasiPOS\app\services\cache_service.py:64]
2025-10-28 10:37:04,603 INFO: Calculating BOM requirements - Product: e3728a8d-f228-4057-a990-b057af74be97, Quantity: 1, Tenant: 92b641f7-c3c4-443b-a08a-f6e437b3f011 [in d:\kreasiPOS\app\services\enhanced_bom_service.py:179]
2025-10-28 10:37:11,765 INFO: Cached marketplace index data [in d:\kreasiPOS\app\marketplace\routes.py:69]
